C:\Program Files\Microsoft Visual Studio\18\Community\MSBuild\Microsoft\VC\v170\Microsoft.CppBuild.targets(524,5): warning MSB8004: Output Directory does not end with a trailing slash.  This build instance will add the slash as it is required to allow proper evaluation of the Output Directory.
  Engine.cpp
C:\Users\patry\Documents\GitHub\Eurofighter_EFM\ED_FM_Template\Table.h(26,20): warning C4244: '=': conversion from 'double' to 'int', possible loss of data
  (compiling source file 'Engine.cpp')
  
C:\Users\patry\Documents\GitHub\Eurofighter_EFM\ED_FM_Template\Table.h(37,13): warning C4244: 'initializing': conversion from 'double' to 'int', possible loss of data
  (compiling source file 'Engine.cpp')
  
C:\Users\patry\Documents\GitHub\Eurofighter_EFM\ED_FM_Template\Table.h(38,13): warning C4244: 'initializing': conversion from 'double' to 'int', possible loss of data
  (compiling source file 'Engine.cpp')
  
C:\Users\patry\Documents\GitHub\Eurofighter_EFM\ED_FM_Template\Table.h(71,20): warning C4244: '=': conversion from 'double' to 'int', possible loss of data
  (compiling source file 'Engine.cpp')
  
C:\Users\patry\Documents\GitHub\Eurofighter_EFM\ED_FM_Template\Table.h(82,13): warning C4244: 'initializing': conversion from 'double' to 'int', possible loss of data
  (compiling source file 'Engine.cpp')
  
C:\Users\patry\Documents\GitHub\Eurofighter_EFM\ED_FM_Template\Table.h(83,13): warning C4244: 'initializing': conversion from 'double' to 'int', possible loss of data
  (compiling source file 'Engine.cpp')
  
C:\Users\patry\Documents\GitHub\Eurofighter_EFM\ED_FM_Template\Engine.h(96,26): warning C4305: 'initializing': truncation from 'double' to 'float'
  (compiling source file 'Engine.cpp')
  
C:\Users\patry\Documents\GitHub\Eurofighter_EFM\ED_FM_Template\Engine.h(96,38): warning C4305: 'initializing': truncation from 'double' to 'float'
  (compiling source file 'Engine.cpp')
  
C:\Users\patry\Documents\GitHub\Eurofighter_EFM\ED_FM_Template\Engine.h(96,50): warning C4305: 'initializing': truncation from 'double' to 'float'
  (compiling source file 'Engine.cpp')
  
C:\Users\patry\Documents\GitHub\Eurofighter_EFM\ED_FM_Template\Engine.h(96,62): warning C4305: 'initializing': truncation from 'double' to 'float'
  (compiling source file 'Engine.cpp')
  
C:\Users\patry\Documents\GitHub\Eurofighter_EFM\ED_FM_Template\Engine.h(96,74): warning C4305: 'initializing': truncation from 'double' to 'float'
  (compiling source file 'Engine.cpp')
  
C:\Users\patry\Documents\GitHub\Eurofighter_EFM\ED_FM_Template\Engine.h(96,86): warning C4305: 'initializing': truncation from 'double' to 'float'
  (compiling source file 'Engine.cpp')
  
C:\Users\patry\Documents\GitHub\Eurofighter_EFM\ED_FM_Template\Engine.h(96,98): warning C4305: 'initializing': truncation from 'double' to 'float'
  (compiling source file 'Engine.cpp')
  
C:\Users\patry\Documents\GitHub\Eurofighter_EFM\ED_FM_Template\Engine.h(96,110): warning C4305: 'initializing': truncation from 'double' to 'float'
  (compiling source file 'Engine.cpp')
  
C:\Users\patry\Documents\GitHub\Eurofighter_EFM\ED_FM_Template\Engine.h(96,122): warning C4305: 'initializing': truncation from 'double' to 'float'
  (compiling source file 'Engine.cpp')
  
C:\Users\patry\Documents\GitHub\Eurofighter_EFM\ED_FM_Template\Engine.h(96,134): warning C4305: 'initializing': truncation from 'double' to 'float'
  (compiling source file 'Engine.cpp')
  
C:\Users\patry\Documents\GitHub\Eurofighter_EFM\ED_FM_Template\Engine.h(96,146): warning C4305: 'initializing': truncation from 'double' to 'float'
  (compiling source file 'Engine.cpp')
  
C:\Users\patry\Documents\GitHub\Eurofighter_EFM\ED_FM_Template\Engine.h(96,158): warning C4305: 'initializing': truncation from 'double' to 'float'
  (compiling source file 'Engine.cpp')
  
C:\Users\patry\Documents\GitHub\Eurofighter_EFM\ED_FM_Template\Engine.h(96,170): warning C4305: 'initializing': truncation from 'double' to 'float'
  (compiling source file 'Engine.cpp')
  
C:\Users\patry\Documents\GitHub\Eurofighter_EFM\ED_FM_Template\Engine.h(96,182): warning C4305: 'initializing': truncation from 'double' to 'float'
  (compiling source file 'Engine.cpp')
  
C:\Users\patry\Documents\GitHub\Eurofighter_EFM\ED_FM_Template\Engine.h(96,194): warning C4305: 'initializing': truncation from 'double' to 'float'
  (compiling source file 'Engine.cpp')
  
C:\Users\patry\Documents\GitHub\Eurofighter_EFM\ED_FM_Template\Engine.h(96,206): warning C4305: 'initializing': truncation from 'double' to 'float'
  (compiling source file 'Engine.cpp')
  
C:\Users\patry\Documents\GitHub\Eurofighter_EFM\ED_FM_Template\Engine.h(96,218): warning C4305: 'initializing': truncation from 'double' to 'float'
  (compiling source file 'Engine.cpp')
  
C:\Users\patry\Documents\GitHub\Eurofighter_EFM\ED_FM_Template\Engine.h(96,230): warning C4305: 'initializing': truncation from 'double' to 'float'
  (compiling source file 'Engine.cpp')
  
C:\Users\patry\Documents\GitHub\Eurofighter_EFM\ED_FM_Template\Engine.h(96,242): warning C4305: 'initializing': truncation from 'double' to 'float'
  (compiling source file 'Engine.cpp')
  
C:\Users\patry\Documents\GitHub\Eurofighter_EFM\ED_FM_Template\Engine.h(96,254): warning C4305: 'initializing': truncation from 'double' to 'float'
  (compiling source file 'Engine.cpp')
  
C:\Users\patry\Documents\GitHub\Eurofighter_EFM\ED_FM_Template\Engine.h(96,266): warning C4305: 'initializing': truncation from 'double' to 'float'
  (compiling source file 'Engine.cpp')
  
C:\Users\patry\Documents\GitHub\Eurofighter_EFM\ED_FM_Template\Engine.h(96,278): warning C4305: 'initializing': truncation from 'double' to 'float'
  (compiling source file 'Engine.cpp')
  
C:\Users\patry\Documents\GitHub\Eurofighter_EFM\ED_FM_Template\Engine.h(96,290): warning C4305: 'initializing': truncation from 'double' to 'float'
  (compiling source file 'Engine.cpp')
  
C:\Users\patry\Documents\GitHub\Eurofighter_EFM\ED_FM_Template\Engine.h(96,302): warning C4305: 'initializing': truncation from 'double' to 'float'
  (compiling source file 'Engine.cpp')
  
C:\Users\patry\Documents\GitHub\Eurofighter_EFM\ED_FM_Template\Engine.h(96,314): warning C4305: 'initializing': truncation from 'double' to 'float'
  (compiling source file 'Engine.cpp')
  
C:\Users\patry\Documents\GitHub\Eurofighter_EFM\ED_FM_Template\Engine.h(96,326): warning C4305: 'initializing': truncation from 'double' to 'float'
  (compiling source file 'Engine.cpp')
  
C:\Users\patry\Documents\GitHub\Eurofighter_EFM\ED_FM_Template\Engine.h(96,338): warning C4305: 'initializing': truncation from 'double' to 'float'
  (compiling source file 'Engine.cpp')
  
C:\Users\patry\Documents\GitHub\Eurofighter_EFM\ED_FM_Template\Engine.h(96,350): warning C4305: 'initializing': truncation from 'double' to 'float'
  (compiling source file 'Engine.cpp')
  
C:\Users\patry\Documents\GitHub\Eurofighter_EFM\ED_FM_Template\Engine.h(96,362): warning C4305: 'initializing': truncation from 'double' to 'float'
  (compiling source file 'Engine.cpp')
  
C:\Users\patry\Documents\GitHub\Eurofighter_EFM\ED_FM_Template\Engine.h(96,374): warning C4305: 'initializing': truncation from 'double' to 'float'
  (compiling source file 'Engine.cpp')
  
C:\Users\patry\Documents\GitHub\Eurofighter_EFM\ED_FM_Template\Engine.h(96,386): warning C4305: 'initializing': truncation from 'double' to 'float'
  (compiling source file 'Engine.cpp')
  
C:\Users\patry\Documents\GitHub\Eurofighter_EFM\ED_FM_Template\Engine.h(96,398): warning C4305: 'initializing': truncation from 'double' to 'float'
  (compiling source file 'Engine.cpp')
  
C:\Users\patry\Documents\GitHub\Eurofighter_EFM\ED_FM_Template\Engine.h(96,410): warning C4305: 'initializing': truncation from 'double' to 'float'
  (compiling source file 'Engine.cpp')
  
C:\Users\patry\Documents\GitHub\Eurofighter_EFM\ED_FM_Template\Engine.h(96,422): warning C4305: 'initializing': truncation from 'double' to 'float'
  (compiling source file 'Engine.cpp')
  
C:\Users\patry\Documents\GitHub\Eurofighter_EFM\ED_FM_Template\Engine.h(96,434): warning C4305: 'initializing': truncation from 'double' to 'float'
  (compiling source file 'Engine.cpp')
  
C:\Users\patry\Documents\GitHub\Eurofighter_EFM\ED_FM_Template\Engine.h(96,446): warning C4305: 'initializing': truncation from 'double' to 'float'
  (compiling source file 'Engine.cpp')
  
C:\Users\patry\Documents\GitHub\Eurofighter_EFM\ED_FM_Template\Engine.h(96,458): warning C4305: 'initializing': truncation from 'double' to 'float'
  (compiling source file 'Engine.cpp')
  
C:\Users\patry\Documents\GitHub\Eurofighter_EFM\ED_FM_Template\Engine.h(96,470): warning C4305: 'initializing': truncation from 'double' to 'float'
  (compiling source file 'Engine.cpp')
  
C:\Users\patry\Documents\GitHub\Eurofighter_EFM\ED_FM_Template\Engine.h(96,482): warning C4305: 'initializing': truncation from 'double' to 'float'
  (compiling source file 'Engine.cpp')
  
C:\Users\patry\Documents\GitHub\Eurofighter_EFM\ED_FM_Template\Engine.h(96,494): warning C4305: 'initializing': truncation from 'double' to 'float'
  (compiling source file 'Engine.cpp')
  
C:\Users\patry\Documents\GitHub\Eurofighter_EFM\ED_FM_Template\Engine.h(96,506): warning C4305: 'initializing': truncation from 'double' to 'float'
  (compiling source file 'Engine.cpp')
  
C:\Users\patry\Documents\GitHub\Eurofighter_EFM\ED_FM_Template\Engine.h(96,518): warning C4305: 'initializing': truncation from 'double' to 'float'
  (compiling source file 'Engine.cpp')
  
C:\Users\patry\Documents\GitHub\Eurofighter_EFM\ED_FM_Template\Engine.h(96,530): warning C4305: 'initializing': truncation from 'double' to 'float'
  (compiling source file 'Engine.cpp')
  
C:\Users\patry\Documents\GitHub\Eurofighter_EFM\ED_FM_Template\Engine.h(96,542): warning C4305: 'initializing': truncation from 'double' to 'float'
  (compiling source file 'Engine.cpp')
  
C:\Users\patry\Documents\GitHub\Eurofighter_EFM\ED_FM_Template\Engine.h(96,554): warning C4305: 'initializing': truncation from 'double' to 'float'
  (compiling source file 'Engine.cpp')
  
C:\Users\patry\Documents\GitHub\Eurofighter_EFM\ED_FM_Template\Engine.h(96,566): warning C4305: 'initializing': truncation from 'double' to 'float'
  (compiling source file 'Engine.cpp')
  
C:\Users\patry\Documents\GitHub\Eurofighter_EFM\ED_FM_Template\Engine.h(96,578): warning C4305: 'initializing': truncation from 'double' to 'float'
  (compiling source file 'Engine.cpp')
  
C:\Users\patry\Documents\GitHub\Eurofighter_EFM\ED_FM_Template\Engine.h(96,590): warning C4305: 'initializing': truncation from 'double' to 'float'
  (compiling source file 'Engine.cpp')
  
C:\Users\patry\Documents\GitHub\Eurofighter_EFM\ED_FM_Template\Engine.h(96,602): warning C4305: 'initializing': truncation from 'double' to 'float'
  (compiling source file 'Engine.cpp')
  
C:\Users\patry\Documents\GitHub\Eurofighter_EFM\ED_FM_Template\Engine.h(96,614): warning C4305: 'initializing': truncation from 'double' to 'float'
  (compiling source file 'Engine.cpp')
  
C:\Users\patry\Documents\GitHub\Eurofighter_EFM\ED_FM_Template\Engine.h(96,626): warning C4305: 'initializing': truncation from 'double' to 'float'
  (compiling source file 'Engine.cpp')
  
C:\Users\patry\Documents\GitHub\Eurofighter_EFM\ED_FM_Template\Engine.h(97,30): warning C4305: 'initializing': truncation from 'double' to 'float'
  (compiling source file 'Engine.cpp')
  
C:\Users\patry\Documents\GitHub\Eurofighter_EFM\ED_FM_Template\Engine.h(97,42): warning C4305: 'initializing': truncation from 'double' to 'float'
  (compiling source file 'Engine.cpp')
  
C:\Users\patry\Documents\GitHub\Eurofighter_EFM\ED_FM_Template\Engine.h(97,54): warning C4305: 'initializing': truncation from 'double' to 'float'
  (compiling source file 'Engine.cpp')
  
C:\Users\patry\Documents\GitHub\Eurofighter_EFM\ED_FM_Template\Engine.h(97,66): warning C4305: 'initializing': truncation from 'double' to 'float'
  (compiling source file 'Engine.cpp')
  
C:\Users\patry\Documents\GitHub\Eurofighter_EFM\ED_FM_Template\Engine.h(97,78): warning C4305: 'initializing': truncation from 'double' to 'float'
  (compiling source file 'Engine.cpp')
  
C:\Users\patry\Documents\GitHub\Eurofighter_EFM\ED_FM_Template\Engine.h(97,90): warning C4305: 'initializing': truncation from 'double' to 'float'
  (compiling source file 'Engine.cpp')
  
C:\Users\patry\Documents\GitHub\Eurofighter_EFM\ED_FM_Template\Engine.h(97,102): warning C4305: 'initializing': truncation from 'double' to 'float'
  (compiling source file 'Engine.cpp')
  
C:\Users\patry\Documents\GitHub\Eurofighter_EFM\ED_FM_Template\Engine.h(97,114): warning C4305: 'initializing': truncation from 'double' to 'float'
  (compiling source file 'Engine.cpp')
  
C:\Users\patry\Documents\GitHub\Eurofighter_EFM\ED_FM_Template\Engine.h(97,126): warning C4305: 'initializing': truncation from 'double' to 'float'
  (compiling source file 'Engine.cpp')
  
C:\Users\patry\Documents\GitHub\Eurofighter_EFM\ED_FM_Template\Engine.h(97,138): warning C4305: 'initializing': truncation from 'double' to 'float'
  (compiling source file 'Engine.cpp')
  
C:\Users\patry\Documents\GitHub\Eurofighter_EFM\ED_FM_Template\Engine.h(97,150): warning C4305: 'initializing': truncation from 'double' to 'float'
  (compiling source file 'Engine.cpp')
  
C:\Users\patry\Documents\GitHub\Eurofighter_EFM\ED_FM_Template\Engine.h(97,162): warning C4305: 'initializing': truncation from 'double' to 'float'
  (compiling source file 'Engine.cpp')
  
C:\Users\patry\Documents\GitHub\Eurofighter_EFM\ED_FM_Template\Engine.h(97,174): warning C4305: 'initializing': truncation from 'double' to 'float'
  (compiling source file 'Engine.cpp')
  
C:\Users\patry\Documents\GitHub\Eurofighter_EFM\ED_FM_Template\Engine.h(97,186): warning C4305: 'initializing': truncation from 'double' to 'float'
  (compiling source file 'Engine.cpp')
  
C:\Users\patry\Documents\GitHub\Eurofighter_EFM\ED_FM_Template\Engine.h(97,198): warning C4305: 'initializing': truncation from 'double' to 'float'
  (compiling source file 'Engine.cpp')
  
C:\Users\patry\Documents\GitHub\Eurofighter_EFM\ED_FM_Template\Engine.h(97,210): warning C4305: 'initializing': truncation from 'double' to 'float'
  (compiling source file 'Engine.cpp')
  
C:\Users\patry\Documents\GitHub\Eurofighter_EFM\ED_FM_Template\Engine.h(97,222): warning C4305: 'initializing': truncation from 'double' to 'float'
  (compiling source file 'Engine.cpp')
  
C:\Users\patry\Documents\GitHub\Eurofighter_EFM\ED_FM_Template\Engine.h(97,234): warning C4305: 'initializing': truncation from 'double' to 'float'
  (compiling source file 'Engine.cpp')
  
C:\Users\patry\Documents\GitHub\Eurofighter_EFM\ED_FM_Template\Engine.h(97,246): warning C4305: 'initializing': truncation from 'double' to 'float'
  (compiling source file 'Engine.cpp')
  
C:\Users\patry\Documents\GitHub\Eurofighter_EFM\ED_FM_Template\Engine.h(97,258): warning C4305: 'initializing': truncation from 'double' to 'float'
  (compiling source file 'Engine.cpp')
  
C:\Users\patry\Documents\GitHub\Eurofighter_EFM\ED_FM_Template\Engine.h(97,270): warning C4305: 'initializing': truncation from 'double' to 'float'
  (compiling source file 'Engine.cpp')
  
C:\Users\patry\Documents\GitHub\Eurofighter_EFM\ED_FM_Template\Engine.h(97,282): warning C4305: 'initializing': truncation from 'double' to 'float'
  (compiling source file 'Engine.cpp')
  
C:\Users\patry\Documents\GitHub\Eurofighter_EFM\ED_FM_Template\Engine.h(97,294): warning C4305: 'initializing': truncation from 'double' to 'float'
  (compiling source file 'Engine.cpp')
  
C:\Users\patry\Documents\GitHub\Eurofighter_EFM\ED_FM_Template\Engine.h(97,306): warning C4305: 'initializing': truncation from 'double' to 'float'
  (compiling source file 'Engine.cpp')
  
C:\Users\patry\Documents\GitHub\Eurofighter_EFM\ED_FM_Template\Engine.h(97,318): warning C4305: 'initializing': truncation from 'double' to 'float'
  (compiling source file 'Engine.cpp')
  
C:\Users\patry\Documents\GitHub\Eurofighter_EFM\ED_FM_Template\Engine.h(97,330): warning C4305: 'initializing': truncation from 'double' to 'float'
  (compiling source file 'Engine.cpp')
  
C:\Users\patry\Documents\GitHub\Eurofighter_EFM\ED_FM_Template\Engine.h(97,342): warning C4305: 'initializing': truncation from 'double' to 'float'
  (compiling source file 'Engine.cpp')
  
C:\Users\patry\Documents\GitHub\Eurofighter_EFM\ED_FM_Template\Engine.h(97,354): warning C4305: 'initializing': truncation from 'double' to 'float'
  (compiling source file 'Engine.cpp')
  
C:\Users\patry\Documents\GitHub\Eurofighter_EFM\ED_FM_Template\Engine.h(97,366): warning C4305: 'initializing': truncation from 'double' to 'float'
  (compiling source file 'Engine.cpp')
  
C:\Users\patry\Documents\GitHub\Eurofighter_EFM\ED_FM_Template\Engine.h(97,378): warning C4305: 'initializing': truncation from 'double' to 'float'
  (compiling source file 'Engine.cpp')
  
C:\Users\patry\Documents\GitHub\Eurofighter_EFM\ED_FM_Template\Engine.h(97,390): warning C4305: 'initializing': truncation from 'double' to 'float'
  (compiling source file 'Engine.cpp')
  
C:\Users\patry\Documents\GitHub\Eurofighter_EFM\ED_FM_Template\Engine.h(97,402): warning C4305: 'initializing': truncation from 'double' to 'float'
  (compiling source file 'Engine.cpp')
  
C:\Users\patry\Documents\GitHub\Eurofighter_EFM\ED_FM_Template\Engine.h(97,414): warning C4305: 'initializing': truncation from 'double' to 'float'
  (compiling source file 'Engine.cpp')
  
C:\Users\patry\Documents\GitHub\Eurofighter_EFM\ED_FM_Template\Engine.h(97,426): warning C4305: 'initializing': truncation from 'double' to 'float'
  (compiling source file 'Engine.cpp')
  
C:\Users\patry\Documents\GitHub\Eurofighter_EFM\ED_FM_Template\Engine.h(97,438): warning C4305: 'initializing': truncation from 'double' to 'float'
  (compiling source file 'Engine.cpp')
  
C:\Users\patry\Documents\GitHub\Eurofighter_EFM\ED_FM_Template\Engine.h(97,450): warning C4305: 'initializing': truncation from 'double' to 'float'
  (compiling source file 'Engine.cpp')
  
C:\Users\patry\Documents\GitHub\Eurofighter_EFM\ED_FM_Template\Engine.h(97,462): warning C4305: 'initializing': truncation from 'double' to 'float'
  (compiling source file 'Engine.cpp')
  
C:\Users\patry\Documents\GitHub\Eurofighter_EFM\ED_FM_Template\Engine.h(97,474): warning C4305: 'initializing': truncation from 'double' to 'float'
  (compiling source file 'Engine.cpp')
  
C:\Users\patry\Documents\GitHub\Eurofighter_EFM\ED_FM_Template\Engine.h(97,486): warning C4305: 'initializing': truncation from 'double' to 'float'
  (compiling source file 'Engine.cpp')
  
C:\Users\patry\Documents\GitHub\Eurofighter_EFM\ED_FM_Template\Engine.h(97,498): warning C4305: 'initializing': truncation from 'double' to 'float'
  (compiling source file 'Engine.cpp')
  
C:\Users\patry\Documents\GitHub\Eurofighter_EFM\ED_FM_Template\Engine.h(97,510): warning C4305: 'initializing': truncation from 'double' to 'float'
  (compiling source file 'Engine.cpp')
  
C:\Users\patry\Documents\GitHub\Eurofighter_EFM\ED_FM_Template\Engine.h(97,522): warning C4305: 'initializing': truncation from 'double' to 'float'
  (compiling source file 'Engine.cpp')
  
C:\Users\patry\Documents\GitHub\Eurofighter_EFM\ED_FM_Template\Engine.h(97,534): warning C4305: 'initializing': truncation from 'double' to 'float'
  (compiling source file 'Engine.cpp')
  
C:\Users\patry\Documents\GitHub\Eurofighter_EFM\ED_FM_Template\Engine.h(97,546): warning C4305: 'initializing': truncation from 'double' to 'float'
  (compiling source file 'Engine.cpp')
  
C:\Users\patry\Documents\GitHub\Eurofighter_EFM\ED_FM_Template\Engine.h(97,558): warning C4305: 'initializing': truncation from 'double' to 'float'
  (compiling source file 'Engine.cpp')
  
C:\Users\patry\Documents\GitHub\Eurofighter_EFM\ED_FM_Template\Engine.h(97,570): warning C4305: 'initializing': truncation from 'double' to 'float'
  (compiling source file 'Engine.cpp')
  
C:\Users\patry\Documents\GitHub\Eurofighter_EFM\ED_FM_Template\Engine.h(97,582): warning C4305: 'initializing': truncation from 'double' to 'float'
  (compiling source file 'Engine.cpp')
  
C:\Users\patry\Documents\GitHub\Eurofighter_EFM\ED_FM_Template\Engine.h(97,594): warning C4305: 'initializing': truncation from 'double' to 'float'
  (compiling source file 'Engine.cpp')
  
C:\Users\patry\Documents\GitHub\Eurofighter_EFM\ED_FM_Template\Engine.h(97,606): warning C4305: 'initializing': truncation from 'double' to 'float'
  (compiling source file 'Engine.cpp')
  
C:\Users\patry\Documents\GitHub\Eurofighter_EFM\ED_FM_Template\Engine.h(97,618): warning C4305: 'initializing': truncation from 'double' to 'float'
  (compiling source file 'Engine.cpp')
  
C:\Users\patry\Documents\GitHub\Eurofighter_EFM\ED_FM_Template\Engine.h(97,630): warning C4305: 'initializing': truncation from 'double' to 'float'
  (compiling source file 'Engine.cpp')
  
C:\Users\patry\Documents\GitHub\Eurofighter_EFM\ED_FM_Template\Engine.h(98,27): warning C4305: 'initializing': truncation from 'double' to 'float'
  (compiling source file 'Engine.cpp')
  
C:\Users\patry\Documents\GitHub\Eurofighter_EFM\ED_FM_Template\Engine.h(98,38): warning C4305: 'initializing': truncation from 'double' to 'float'
  (compiling source file 'Engine.cpp')
  
C:\Users\patry\Documents\GitHub\Eurofighter_EFM\ED_FM_Template\Engine.h(98,49): warning C4305: 'initializing': truncation from 'double' to 'float'
  (compiling source file 'Engine.cpp')
  
C:\Users\patry\Documents\GitHub\Eurofighter_EFM\ED_FM_Template\Engine.h(98,60): warning C4305: 'initializing': truncation from 'double' to 'float'
  (compiling source file 'Engine.cpp')
  
C:\Users\patry\Documents\GitHub\Eurofighter_EFM\ED_FM_Template\Engine.h(98,71): warning C4305: 'initializing': truncation from 'double' to 'float'
  (compiling source file 'Engine.cpp')
  
C:\Users\patry\Documents\GitHub\Eurofighter_EFM\ED_FM_Template\Engine.h(98,82): warning C4305: 'initializing': truncation from 'double' to 'float'
  (compiling source file 'Engine.cpp')
  
C:\Users\patry\Documents\GitHub\Eurofighter_EFM\ED_FM_Template\Engine.h(98,93): warning C4305: 'initializing': truncation from 'double' to 'float'
  (compiling source file 'Engine.cpp')
  
C:\Users\patry\Documents\GitHub\Eurofighter_EFM\ED_FM_Template\Engine.h(98,104): warning C4305: 'initializing': truncation from 'double' to 'float'
  (compiling source file 'Engine.cpp')
  
C:\Users\patry\Documents\GitHub\Eurofighter_EFM\ED_FM_Template\Engine.h(98,115): warning C4305: 'initializing': truncation from 'double' to 'float'
  (compiling source file 'Engine.cpp')
  
C:\Users\patry\Documents\GitHub\Eurofighter_EFM\ED_FM_Template\Engine.h(98,126): warning C4305: 'initializing': truncation from 'double' to 'float'
  (compiling source file 'Engine.cpp')
  
C:\Users\patry\Documents\GitHub\Eurofighter_EFM\ED_FM_Template\Engine.h(98,137): warning C4305: 'initializing': truncation from 'double' to 'float'
  (compiling source file 'Engine.cpp')
  
C:\Users\patry\Documents\GitHub\Eurofighter_EFM\ED_FM_Template\Engine.h(98,148): warning C4305: 'initializing': truncation from 'double' to 'float'
  (compiling source file 'Engine.cpp')
  
C:\Users\patry\Documents\GitHub\Eurofighter_EFM\ED_FM_Template\Engine.h(98,159): warning C4305: 'initializing': truncation from 'double' to 'float'
  (compiling source file 'Engine.cpp')
  
C:\Users\patry\Documents\GitHub\Eurofighter_EFM\ED_FM_Template\Engine.h(98,170): warning C4305: 'initializing': truncation from 'double' to 'float'
  (compiling source file 'Engine.cpp')
  
C:\Users\patry\Documents\GitHub\Eurofighter_EFM\ED_FM_Template\Engine.h(98,181): warning C4305: 'initializing': truncation from 'double' to 'float'
  (compiling source file 'Engine.cpp')
  
C:\Users\patry\Documents\GitHub\Eurofighter_EFM\ED_FM_Template\Engine.h(98,192): warning C4305: 'initializing': truncation from 'double' to 'float'
  (compiling source file 'Engine.cpp')
  
C:\Users\patry\Documents\GitHub\Eurofighter_EFM\ED_FM_Template\Engine.h(98,203): warning C4305: 'initializing': truncation from 'double' to 'float'
  (compiling source file 'Engine.cpp')
  
C:\Users\patry\Documents\GitHub\Eurofighter_EFM\ED_FM_Template\Engine.h(98,214): warning C4305: 'initializing': truncation from 'double' to 'float'
  (compiling source file 'Engine.cpp')
  
C:\Users\patry\Documents\GitHub\Eurofighter_EFM\ED_FM_Template\Engine.h(98,225): warning C4305: 'initializing': truncation from 'double' to 'float'
  (compiling source file 'Engine.cpp')
  
C:\Users\patry\Documents\GitHub\Eurofighter_EFM\ED_FM_Template\Engine.h(98,236): warning C4305: 'initializing': truncation from 'double' to 'float'
  (compiling source file 'Engine.cpp')
  
C:\Users\patry\Documents\GitHub\Eurofighter_EFM\ED_FM_Template\Engine.h(98,247): warning C4305: 'initializing': truncation from 'double' to 'float'
  (compiling source file 'Engine.cpp')
  
C:\Users\patry\Documents\GitHub\Eurofighter_EFM\ED_FM_Template\Engine.h(98,258): warning C4305: 'initializing': truncation from 'double' to 'float'
  (compiling source file 'Engine.cpp')
  
C:\Users\patry\Documents\GitHub\Eurofighter_EFM\ED_FM_Template\Engine.h(98,269): warning C4305: 'initializing': truncation from 'double' to 'float'
  (compiling source file 'Engine.cpp')
  
C:\Users\patry\Documents\GitHub\Eurofighter_EFM\ED_FM_Template\Engine.h(98,280): warning C4305: 'initializing': truncation from 'double' to 'float'
  (compiling source file 'Engine.cpp')
  
C:\Users\patry\Documents\GitHub\Eurofighter_EFM\ED_FM_Template\Engine.h(98,291): warning C4305: 'initializing': truncation from 'double' to 'float'
  (compiling source file 'Engine.cpp')
  
C:\Users\patry\Documents\GitHub\Eurofighter_EFM\ED_FM_Template\Engine.h(98,302): warning C4305: 'initializing': truncation from 'double' to 'float'
  (compiling source file 'Engine.cpp')
  
C:\Users\patry\Documents\GitHub\Eurofighter_EFM\ED_FM_Template\Engine.h(98,313): warning C4305: 'initializing': truncation from 'double' to 'float'
  (compiling source file 'Engine.cpp')
  
C:\Users\patry\Documents\GitHub\Eurofighter_EFM\ED_FM_Template\Engine.h(98,324): warning C4305: 'initializing': truncation from 'double' to 'float'
  (compiling source file 'Engine.cpp')
  
C:\Users\patry\Documents\GitHub\Eurofighter_EFM\ED_FM_Template\Engine.h(98,335): warning C4305: 'initializing': truncation from 'double' to 'float'
  (compiling source file 'Engine.cpp')
  
C:\Users\patry\Documents\GitHub\Eurofighter_EFM\ED_FM_Template\Engine.h(98,346): warning C4305: 'initializing': truncation from 'double' to 'float'
  (compiling source file 'Engine.cpp')
  
C:\Users\patry\Documents\GitHub\Eurofighter_EFM\ED_FM_Template\Engine.h(98,357): warning C4305: 'initializing': truncation from 'double' to 'float'
  (compiling source file 'Engine.cpp')
  
C:\Users\patry\Documents\GitHub\Eurofighter_EFM\ED_FM_Template\Engine.h(98,368): warning C4305: 'initializing': truncation from 'double' to 'float'
  (compiling source file 'Engine.cpp')
  
C:\Users\patry\Documents\GitHub\Eurofighter_EFM\ED_FM_Template\Engine.h(98,379): warning C4305: 'initializing': truncation from 'double' to 'float'
  (compiling source file 'Engine.cpp')
  
C:\Users\patry\Documents\GitHub\Eurofighter_EFM\ED_FM_Template\Engine.h(98,390): warning C4305: 'initializing': truncation from 'double' to 'float'
  (compiling source file 'Engine.cpp')
  
C:\Users\patry\Documents\GitHub\Eurofighter_EFM\ED_FM_Template\Engine.h(98,401): warning C4305: 'initializing': truncation from 'double' to 'float'
  (compiling source file 'Engine.cpp')
  
C:\Users\patry\Documents\GitHub\Eurofighter_EFM\ED_FM_Template\Engine.h(98,412): warning C4305: 'initializing': truncation from 'double' to 'float'
  (compiling source file 'Engine.cpp')
  
C:\Users\patry\Documents\GitHub\Eurofighter_EFM\ED_FM_Template\Engine.h(98,423): warning C4305: 'initializing': truncation from 'double' to 'float'
  (compiling source file 'Engine.cpp')
  
C:\Users\patry\Documents\GitHub\Eurofighter_EFM\ED_FM_Template\Engine.h(98,434): warning C4305: 'initializing': truncation from 'double' to 'float'
  (compiling source file 'Engine.cpp')
  
C:\Users\patry\Documents\GitHub\Eurofighter_EFM\ED_FM_Template\Engine.h(98,445): warning C4305: 'initializing': truncation from 'double' to 'float'
  (compiling source file 'Engine.cpp')
  
C:\Users\patry\Documents\GitHub\Eurofighter_EFM\ED_FM_Template\Engine.h(98,456): warning C4305: 'initializing': truncation from 'double' to 'float'
  (compiling source file 'Engine.cpp')
  
C:\Users\patry\Documents\GitHub\Eurofighter_EFM\ED_FM_Template\Engine.h(98,467): warning C4305: 'initializing': truncation from 'double' to 'float'
  (compiling source file 'Engine.cpp')
  
C:\Users\patry\Documents\GitHub\Eurofighter_EFM\ED_FM_Template\Engine.h(98,478): warning C4305: 'initializing': truncation from 'double' to 'float'
  (compiling source file 'Engine.cpp')
  
C:\Users\patry\Documents\GitHub\Eurofighter_EFM\ED_FM_Template\Engine.h(98,489): warning C4305: 'initializing': truncation from 'double' to 'float'
  (compiling source file 'Engine.cpp')
  
C:\Users\patry\Documents\GitHub\Eurofighter_EFM\ED_FM_Template\Engine.h(98,500): warning C4305: 'initializing': truncation from 'double' to 'float'
  (compiling source file 'Engine.cpp')
  
C:\Users\patry\Documents\GitHub\Eurofighter_EFM\ED_FM_Template\Engine.h(98,511): warning C4305: 'initializing': truncation from 'double' to 'float'
  (compiling source file 'Engine.cpp')
  
C:\Users\patry\Documents\GitHub\Eurofighter_EFM\ED_FM_Template\Engine.h(98,522): warning C4305: 'initializing': truncation from 'double' to 'float'
  (compiling source file 'Engine.cpp')
  
C:\Users\patry\Documents\GitHub\Eurofighter_EFM\ED_FM_Template\Engine.h(98,533): warning C4305: 'initializing': truncation from 'double' to 'float'
  (compiling source file 'Engine.cpp')
  
C:\Users\patry\Documents\GitHub\Eurofighter_EFM\ED_FM_Template\Engine.h(98,544): warning C4305: 'initializing': truncation from 'double' to 'float'
  (compiling source file 'Engine.cpp')
  
C:\Users\patry\Documents\GitHub\Eurofighter_EFM\ED_FM_Template\Engine.h(98,555): warning C4305: 'initializing': truncation from 'double' to 'float'
  (compiling source file 'Engine.cpp')
  
C:\Users\patry\Documents\GitHub\Eurofighter_EFM\ED_FM_Template\Engine.h(98,566): warning C4305: 'initializing': truncation from 'double' to 'float'
  (compiling source file 'Engine.cpp')
  
C:\Users\patry\Documents\GitHub\Eurofighter_EFM\ED_FM_Template\Engine.h(98,577): warning C4305: 'initializing': truncation from 'double' to 'float'
  (compiling source file 'Engine.cpp')
  
C:\Users\patry\Documents\GitHub\Eurofighter_EFM\ED_FM_Template\Engine.cpp(414,19): warning C4244: 'initializing': conversion from 'double' to 'int', possible loss of data
C:\Users\patry\Documents\GitHub\Eurofighter_EFM\ED_FM_Template\Engine.cpp(468,19): warning C4244: 'initializing': conversion from 'double' to 'int', possible loss of data
C:\Users\patry\Documents\GitHub\Eurofighter_EFM\ED_FM_Template\Engine.cpp(500,20): warning C4244: 'initializing': conversion from 'double' to 'int', possible loss of data
C:\Users\patry\Documents\GitHub\Eurofighter_EFM\ED_FM_Template\Engine.cpp(520,19): warning C4244: 'initializing': conversion from 'double' to 'int', possible loss of data
C:\Users\patry\Documents\GitHub\Eurofighter_EFM\ED_FM_Template\Engine.cpp(756,19): warning C4244: 'initializing': conversion from 'double' to 'int', possible loss of data
C:\Users\patry\Documents\GitHub\Eurofighter_EFM\ED_FM_Template\Engine.cpp(810,19): warning C4244: 'initializing': conversion from 'double' to 'int', possible loss of data
C:\Users\patry\Documents\GitHub\Eurofighter_EFM\ED_FM_Template\Engine.cpp(842,19): warning C4244: 'initializing': conversion from 'double' to 'int', possible loss of data
C:\Users\patry\Documents\GitHub\Eurofighter_EFM\ED_FM_Template\Engine.cpp(863,20): warning C4244: 'initializing': conversion from 'double' to 'int', possible loss of data
     Creating library ..\..\bin\Gina.lib and object ..\..\bin\Gina.exp
  Generating code
  2 of 587 functions ( 0.3%) were compiled, the rest were copied from previous compilation.
    0 functions were new in current compilation
    7 functions had inline decision re-evaluated but remain unchanged
  Finished generating code
  ED_FM_Template.vcxproj -> C:\Users\patry\Documents\GitHub\bin\Gina.dll
